<?xml version="1.0" encoding="UTF-8"?>
<testsuite xmlns:xsi="http://www.w3.org/2001/XMLSchema-instance" xsi:noNamespaceSchemaLocation="https://maven.apache.org/surefire/maven-surefire-plugin/xsd/surefire-test-report-3.0.xsd" version="3.0" name="bdmtr.github.clearsolutionstesttask.model.mapper.UserMapperTest" time="7.915" tests="2" errors="0" skipped="0" failures="0">
  <properties>
[...]
</properties>
  <testcase name="testToModelMapping" classname="bdmtr.github.clearsolutionstesttask.model.mapper.UserMapperTest" time="0.659">
    <system-out><![CDATA[04:56:53.241 [main] INFO org.springframework.test.context.support.AnnotationConfigContextLoaderUtils -- Could not detect default configuration classes for test class [bdmtr.github.clearsolutionstesttask.model.mapper.UserMapperTest]: UserMapperTest does not declare any static, non-private, non-final, nested classes annotated with @Configuration.
04:56:53.369 [main] INFO org.springframework.boot.test.context.SpringBootTestContextBootstrapper -- Found @SpringBootConfiguration bdmtr.github.clearsolutionstesttask.ClearSolutionsTestTaskApplication for test class bdmtr.github.clearsolutionstesttask.model.mapper.UserMapperTest

  .   ____          _            __ _ _
 /\\ / ___'_ __ _ _(_)_ __  __ _ \ \ \ \
( ( )\___ | '_ | '_| | '_ \/ _` | \ \ \ \
 \\/  ___)| |_)| | | | | || (_| |  ) ) ) )
  '  |____| .__|_| |_|_| |_\__, | / / / /
 =========|_|==============|___/=/_/_/_/
 :: Spring Boot ::                (v3.1.4)

2023-09-28T04:56:53.862+03:00  INFO 17432 --- [           main] b.g.c.model.mapper.UserMapperTest        : Starting UserMapperTest using Java 17.0.8 with PID 17432 (started by root in F:\Source\Clear Soulutions test task\clear_solutions)
2023-09-28T04:56:53.864+03:00  INFO 17432 --- [           main] b.g.c.model.mapper.UserMapperTest        : No active profile set, falling back to 1 default profile: "default"
2023-09-28T04:56:55.043+03:00  INFO 17432 --- [           main] .s.d.r.c.RepositoryConfigurationDelegate : Multiple Spring Data modules found, entering strict repository configuration mode
2023-09-28T04:56:55.044+03:00  INFO 17432 --- [           main] .s.d.r.c.RepositoryConfigurationDelegate : Bootstrapping Spring Data JDBC repositories in DEFAULT mode.
2023-09-28T04:56:55.086+03:00  INFO 17432 --- [           main] .RepositoryConfigurationExtensionSupport : Spring Data JDBC - Could not safely identify store assignment for repository candidate interface bdmtr.github.clearsolutionstesttask.model.repository.UserRepository; If you want this repository to be a JDBC repository, consider annotating your entities with one of these annotations: org.springframework.data.relational.core.mapping.Table.
2023-09-28T04:56:55.087+03:00  INFO 17432 --- [           main] .s.d.r.c.RepositoryConfigurationDelegate : Finished Spring Data repository scanning in 36 ms. Found 0 JDBC repository interfaces.
2023-09-28T04:56:55.098+03:00  INFO 17432 --- [           main] .s.d.r.c.RepositoryConfigurationDelegate : Multiple Spring Data modules found, entering strict repository configuration mode
2023-09-28T04:56:55.099+03:00  INFO 17432 --- [           main] .s.d.r.c.RepositoryConfigurationDelegate : Bootstrapping Spring Data JPA repositories in DEFAULT mode.
2023-09-28T04:56:55.140+03:00  INFO 17432 --- [           main] .s.d.r.c.RepositoryConfigurationDelegate : Finished Spring Data repository scanning in 35 ms. Found 1 JPA repository interfaces.
2023-09-28T04:56:55.599+03:00  INFO 17432 --- [           main] o.hibernate.jpa.internal.util.LogHelper  : HHH000204: Processing PersistenceUnitInfo [name: default]
2023-09-28T04:56:55.675+03:00  INFO 17432 --- [           main] org.hibernate.Version                    : HHH000412: Hibernate ORM core version 6.2.9.Final
2023-09-28T04:56:55.679+03:00  INFO 17432 --- [           main] org.hibernate.cfg.Environment            : HHH000406: Using bytecode reflection optimizer
2023-09-28T04:56:55.980+03:00  INFO 17432 --- [           main] o.h.b.i.BytecodeProviderInitiator        : HHH000021: Bytecode provider name : bytebuddy
2023-09-28T04:56:56.155+03:00  INFO 17432 --- [           main] o.s.o.j.p.SpringPersistenceUnitInfo      : No LoadTimeWeaver setup: ignoring JPA class transformer
2023-09-28T04:56:56.174+03:00  INFO 17432 --- [           main] com.zaxxer.hikari.HikariDataSource       : HikariPool-1 - Starting...
2023-09-28T04:56:56.555+03:00  INFO 17432 --- [           main] com.zaxxer.hikari.pool.HikariPool        : HikariPool-1 - Added connection com.mysql.cj.jdbc.ConnectionImpl@20c3b34b
2023-09-28T04:56:56.558+03:00  INFO 17432 --- [           main] com.zaxxer.hikari.HikariDataSource       : HikariPool-1 - Start completed.
2023-09-28T04:56:56.609+03:00  WARN 17432 --- [           main] org.hibernate.orm.deprecation            : HHH90000026: MySQL8Dialect has been deprecated; use org.hibernate.dialect.MySQLDialect instead
2023-09-28T04:56:56.965+03:00  INFO 17432 --- [           main] o.h.b.i.BytecodeProviderInitiator        : HHH000021: Bytecode provider name : bytebuddy
2023-09-28T04:56:57.757+03:00  INFO 17432 --- [           main] o.h.e.t.j.p.i.JtaPlatformInitiator       : HHH000490: Using JtaPlatform implementation: [org.hibernate.engine.transaction.jta.platform.internal.NoJtaPlatform]
2023-09-28T04:56:57.818+03:00  INFO 17432 --- [           main] j.LocalContainerEntityManagerFactoryBean : Initialized JPA EntityManagerFactory for persistence unit 'default'
2023-09-28T04:56:58.448+03:00  WARN 17432 --- [           main] JpaBaseConfiguration$JpaWebConfiguration : spring.jpa.open-in-view is enabled by default. Therefore, database queries may be performed during view rendering. Explicitly configure spring.jpa.open-in-view to disable this warning
2023-09-28T04:57:00.267+03:00  INFO 17432 --- [           main] b.g.c.model.mapper.UserMapperTest        : Started UserMapperTest in 6.718 seconds (process running for 7.81)
]]></system-out>
  </testcase>
  <testcase name="testToDtoMapping" classname="bdmtr.github.clearsolutionstesttask.model.mapper.UserMapperTest" time="0.005"/>
</testsuite>